<?xml version="1.0" encoding="UTF-8"?>
<!-- Generated by org.testng.reporters.JUnitXMLReporter -->
<testsuite ignored="0" hostname="Paulrajs-MacBook-Air.local" failures="0" tests="3" name="Edge Test on macOS Ventura" time="5.48" errors="0" timestamp="2025-07-08T09:58:49 IST">
  <testcase classname="com.lambdatest.Scenario_Test" name="testScenario2_DragAndDropSliderDemo" time="0.001">
    <skipped/>
  </testcase> <!-- testScenario2_DragAndDropSliderDemo -->
  <testcase classname="com.lambdatest.Scenario_Test" name="testScenario1_SimpleFormDemo" time="0.0">
    <skipped/>
  </testcase> <!-- testScenario1_SimpleFormDemo -->
  <testcase classname="com.lambdatest.Scenario_Test" name="testScenario3_InputFormDemo" time="0.0">
    <skipped/>
  </testcase> <!-- testScenario3_InputFormDemo -->
</testsuite> <!-- Edge Test on macOS Ventura -->
