<?xml version="1.0" encoding="UTF-8"?>
<!-- Generated by org.testng.reporters.JUnitXMLReporter -->
<testsuite ignored="0" hostname="Paulrajs-MacBook-Air.local" failures="0" tests="3" name="IE Test on Windows 10" time="5.526" errors="0" timestamp="2025-07-08T09:59:09 IST">
  <testcase classname="com.lambdatest.Scenario_Test" name="testScenario2_DragAndDropSliderDemo" time="0.0">
    <skipped/>
  </testcase> <!-- testScenario2_DragAndDropSliderDemo -->
  <testcase classname="com.lambdatest.Scenario_Test" name="testScenario3_InputFormDemo" time="0.0">
    <skipped/>
  </testcase> <!-- testScenario3_InputFormDemo -->
  <testcase classname="com.lambdatest.Scenario_Test" name="testScenario1_SimpleFormDemo" time="0.0">
    <skipped/>
  </testcase> <!-- testScenario1_SimpleFormDemo -->
</testsuite> <!-- IE Test on Windows 10 -->
